Parsing the given file : leads.json 
New Record with id : jkj238238jdsnfsj23  email: foo@bar.com 
New Record added in output record collection. 
New Record with id : edu45238jdsnfsj23  email: mae@bar.com 
New Record added in output record collection. 
New Record with id : wabaj238238jdsnfsj23  email: bog@bar.com 
New Record added in output record collection. 
New Record with id : jkj238238jdsnfsj23  email: coo@bar.com 
Output record collection contains the duplicate record with id: jkj238238jdsnfsj23  email: foo@bar.com 
Date comparison between first Wed May 07 10:32:20 PDT 2014 and second Wed May 07 10:30:20 PDT 2014 records. 
Update the existing recordId : jkj238238jdsnfsj23  email: foo@bar.com with new record recordId: jkj238238jdsnfsj23 email: coo@bar.com  
List of updated fields from old value to new value. 
Updating field  firstName : from John to Ted 
Updating field  lastName : from Smith to Jones 
Updating field  address : from 123 Street St to 456 Neat St 
Updating field  entryDate : from 2014-05-07T17:30:20+00:00 to 2014-05-07T17:32:20+00:00 
Updating field  email : from foo@bar.com to coo@bar.com 
New Record with id : sel045238jdsnfsj23  email: foo@bar.com 
New Record added in output record collection. 
New Record with id : qest38238jdsnfsj23  email: foo@bar.com 
Output record collection contains the duplicate record with id: sel045238jdsnfsj23  email: foo@bar.com 
Date comparison between first Wed May 07 10:32:20 PDT 2014 and second Wed May 07 10:32:20 PDT 2014 records. 
Dates are same for both record, considering the last record.
Update the existing recordId : sel045238jdsnfsj23  email: foo@bar.com with new record recordId: qest38238jdsnfsj23 email: foo@bar.com  
List of updated fields from old value to new value. 
Updating field  _id : from sel045238jdsnfsj23 to qest38238jdsnfsj23 
New Record with id : vug789238jdsnfsj23  email: foo1@bar.com 
New Record added in output record collection. 
New Record with id : wuj08238jdsnfsj23  email: foo@bar.com 
Output record collection contains the duplicate record with id: qest38238jdsnfsj23  email: foo@bar.com 
Date comparison between first Wed May 07 10:33:20 PDT 2014 and second Wed May 07 10:32:20 PDT 2014 records. 
Update the existing recordId : qest38238jdsnfsj23  email: foo@bar.com with new record recordId: wuj08238jdsnfsj23 email: foo@bar.com  
List of updated fields from old value to new value. 
Updating field  firstName : from John to Micah 
Updating field  lastName : from Smith to Valmer 
Updating field  entryDate : from 2014-05-07T17:32:20+00:00 to 2014-05-07T17:33:20+00:00 
Updating field  _id : from qest38238jdsnfsj23 to wuj08238jdsnfsj23 
New Record with id : belr28238jdsnfsj23  email: mae@bar.com 
Output record collection contains the duplicate record with id: edu45238jdsnfsj23  email: mae@bar.com 
Date comparison between first Wed May 07 10:33:20 PDT 2014 and second Wed May 07 10:31:20 PDT 2014 records. 
Update the existing recordId : edu45238jdsnfsj23  email: mae@bar.com with new record recordId: belr28238jdsnfsj23 email: mae@bar.com  
List of updated fields from old value to new value. 
Updating field  firstName : from Ted to Tallulah 
Updating field  lastName : from Masters to Smith 
Updating field  address : from 44 North Hampton St to 123 Water St 
Updating field  entryDate : from 2014-05-07T17:31:20+00:00 to 2014-05-07T17:33:20+00:00 
Updating field  _id : from edu45238jdsnfsj23 to belr28238jdsnfsj23 
New Record with id : jkj238238jdsnfsj23  email: bill@bar.com 
Output record collection contains the duplicate record with id: jkj238238jdsnfsj23  email: coo@bar.com 
Date comparison between first Wed May 07 10:33:20 PDT 2014 and second Wed May 07 10:32:20 PDT 2014 records. 
Update the existing recordId : jkj238238jdsnfsj23  email: coo@bar.com with new record recordId: jkj238238jdsnfsj23 email: bill@bar.com  
List of updated fields from old value to new value. 
Updating field  firstName : from Ted to John 
Updating field  lastName : from Jones to Smith 
Updating field  address : from 456 Neat St to 888 Mayberry St 
Updating field  entryDate : from 2014-05-07T17:32:20+00:00 to 2014-05-07T17:33:20+00:00 
Updating field  email : from coo@bar.com to bill@bar.com 
Output collection is ready. 
Final output collection records: 
{"leads":[{"firstName":"Fran","lastName":"Jones","address":"8803 Dark St","entryDate":"2014-05-07T17:31:20+00:00","_id":"wabaj238238jdsnfsj23","email":"bog@bar.com"}, {"firstName":"John","lastName":"Smith","address":"888 Mayberry St","entryDate":"2014-05-07T17:33:20+00:00","_id":"jkj238238jdsnfsj23","email":"bill@bar.com"}, {"firstName":"Tallulah","lastName":"Smith","address":"123 Water St","entryDate":"2014-05-07T17:33:20+00:00","_id":"belr28238jdsnfsj23","email":"mae@bar.com"}, {"firstName":"Blake","lastName":"Douglas","address":"123 Reach St","entryDate":"2014-05-07T17:33:20+00:00","_id":"vug789238jdsnfsj23","email":"foo1@bar.com"}, {"firstName":"Micah","lastName":"Valmer","address":"123 Street St","entryDate":"2014-05-07T17:33:20+00:00","_id":"wuj08238jdsnfsj23","email":"foo@bar.com"}]}